<?xml version="1.0" encoding="UTF-8"?>
<!-- Generated by org.testng.reporters.JUnitXMLReporter -->
<testsuite ignored="0" hostname="LAPTOP-AA9B3P3U" failures="1" tests="3" name="Test1" time="21.91" errors="0" timestamp="2022-07-15T10:56:25 IST">
  <testcase classname="DemoSwagLab.TitleValidation" name="endTitleVerification" time="7.141"/>
  <testcase classname="DemoSwagLab.TitleValidation" name="endTitleVerification" time="7.236"/>
  <testcase classname="DemoSwagLab.TitleValidation" name="endTitleVerification" time="0.213">
    <failure type="java.lang.IllegalArgumentException" message="Keys to send should be a not null CharSequence">
      <![CDATA[java.lang.IllegalArgumentException: Keys to send should be a not null CharSequence
at org.openqa.selenium.remote.RemoteWebElement.sendKeys(RemoteWebElement.java:98)
at DemoSwagLab.TitleValidation.endTitleVerification(TitleValidation.java:40)
at java.base/java.util.ArrayList.forEach(ArrayList.java:1511)
at java.base/java.util.concurrent.FutureTask.run(FutureTask.java:264)
at java.base/java.util.concurrent.ThreadPoolExecutor.runWorker(ThreadPoolExecutor.java:1136)
at java.base/java.util.concurrent.ThreadPoolExecutor$Worker.run(ThreadPoolExecutor.java:635)
at java.base/java.lang.Thread.run(Thread.java:833)
... Removed 17 stack frames]]>
    </failure>
  </testcase> <!-- endTitleVerification -->
</testsuite> <!-- Test1 -->
